<?xml version="1.0" encoding="UTF-8"?>
<!-- Generated by org.testng.reporters.JUnitReportReporter -->
<testsuite hostname="DESKTOP-BJS4FPD" failures="0" tests="1" name="runner.TestRunner" time="75.626" errors="0" timestamp="2025-05-22T18:07:51 IST" skipped="0">
  <testcase classname="runner.TestRunner" name="runScenario" time="75.626"/>
  <system-out/>
</testsuite> <!-- runner.TestRunner -->
